<?xml version="1.0" encoding="utf-8"?><testsuite errors="0" failures="0" name="pytest" skips="0" tests="6" time="0.117"><testcase classname="test_Practice1" file="test_Practice1.py" line="12" name="test_1" time="0.004492044448852539"><system-out>
setup_module()

setup_function &lt;function test_1 at 0x000001A374DA1378&gt;
-  test_1()

teardown_function() &lt;function test_1 at 0x000001A374DA1378&gt;
</system-out></testcase><testcase classname="test_Practice1" file="test_Practice1.py" line="15" name="test_2" time="0.003993034362792969"><system-out>
setup_function &lt;function test_2 at 0x000001A374DA1400&gt;
-  test_2()

teardown_function() &lt;function test_2 at 0x000001A374DA1400&gt;
teardown_module()
</system-out></testcase><testcase classname="test_Practice2" file="test_Practice2.py" line="9" name="test_1" time="0.005495548248291016"><system-out>
Initialization of fixture
-  test_1()

Destroying of fixture
</system-out></testcase><testcase classname="test_Practice2" file="test_Practice2.py" line="13" name="test_2" time="0.00648808479309082"><system-out>
Initialization of fixture
-  test_2()

Destroying of fixture
</system-out></testcase><testcase classname="test_Practice3" file="test_Practice3.py" line="0" name="test_1" time="0.0049898624420166016"><system-out>
Initialization of fixture
-  test_1()

Destroying of fixture
</system-out></testcase><testcase classname="test_Practice3" file="test_Practice3.py" line="4" name="test_2" time="0.00648808479309082"><system-out>
Initialization of fixture
-  test_2()

Destroying of fixture
</system-out></testcase></testsuite>